============== BHHH ===============

Size = 8
Data size = 36
[ 298.107 11655.2 1669.03 -34152.6 -2481.84 -701.444 -56.4758 -286.892 ;
11655.2 1.29112e+06 198820 -2.62157e+06 -270286 -33350.9 -444.841 -7607.22 ;
1669.03 198820 32540.2 -406241 -44353 -4874.74 -53.846 -909.917 ;
-34152.6 -2.62157e+06 -406241 7.45745e+06 632823 102853 -890.151 -10122.3 ;
-2481.84 -270286 -44353 632823 96503.6 7353.34 -49.1049 -549.697 ;
-701.444 -33350.9 -4874.74 102853 7353.34 2413.39 -38.1429 -282.251 ;
-56.4758 -444.841 -53.846 -890.151 -49.1049 -38.1429 68.2459 367.796 ;
-286.892 -7607.22 -909.917 -10122.3 -549.697 -282.251 367.796 7075.99 ;
]

============== Hessian ===============

Size = 8
Data size = 36
[ 307.711 9802.41 1309.37 -34346.6 -2078.47 -745.349 -54.0347 -256.224 ;
9802.41 717732 107572 -1.99435e+06 -165658 -28004.9 -420.778 -3439.17 ;
1309.37 107572 17103.4 -289052 -25215.6 -3811.58 -47.1147 -368.439 ;
-34346.6 -1.99435e+06 -289052 6.94162e+06 449521 104295 -1098.86 -6780.27 ;
-2078.47 -165658 -25215.6 449521 55853 6331.96 -58.9514 -343.872 ;
-745.349 -28004.9 -3811.58 104295 6331.96 2662.97 -61.3678 -281.772 ;
-54.0347 -420.778 -47.1147 -1098.86 -58.9514 -61.3678 75.1891 351.321 ;
-256.224 -3439.17 -368.439 -6780.27 -343.872 -281.772 351.321 2922.01 ;
]

