============== BHHH ===============

Size = 8
Data size = 36
[ 298.065 11644.9 1670.87 -34107.6 -2461.89 -11206.5 -56.4992 -288.774 ;
11644.9 1.29031e+06 199469 -2.6292e+06 -266771 -528326 -446.562 -7712.15 ;
1670.87 199469 32771.9 -409202 -44013.3 -76586 -54.0784 -923.533 ;
-34107.6 -2.6292e+06 -409202 7.46676e+06 631124 1.60832e+06 -862.937 -9488.82 ;
-2461.89 -266771 -44013.3 631124 93895.8 112568 -49.2166 -535.398 ;
-11206.5 -528326 -76586 1.60832e+06 112568 650741 -547.577 -3499.08 ;
-56.4992 -446.562 -54.0784 -862.937 -49.2166 -547.577 68.2488 367.762 ;
-288.774 -7712.15 -923.533 -9488.82 -535.398 -3499.08 367.762 7075.2 ;
]

============== Hessian ===============

Size = 8
Data size = 36
[ 307.721 9776.84 1304.52 -34305.7 -2073.45 -11616.3 -54.1665 -256.809 ;
9776.84 714464 106858 -1.98332e+06 -165231 -430503 -422.48 -3440.54 ;
1304.52 106858 16944.8 -286861 -25107.3 -58298.8 -47.2458 -368.502 ;
-34305.7 -1.98332e+06 -286861 6.9121e+06 447050 1.61592e+06 -1094.68 -6750.74 ;
-2073.45 -165231 -25107.3 447050 55749.4 95179.1 -58.7816 -341.713 ;
-11616.3 -430503 -58298.8 1.61592e+06 95179.1 682268 -1023.9 -4476.89 ;
-54.1665 -422.48 -47.2458 -1094.68 -58.7816 -1023.9 75.2159 351.189 ;
-256.809 -3440.54 -368.502 -6750.74 -341.713 -4476.89 351.189 2915.67 ;
]

